<?xml version="1.0" encoding="UTF-8"?>
<!-- Generated by org.testng.reporters.JUnitReportReporter -->
<testsuite hostname="DESKTOP-QP8S8NS" failures="0" tests="1" name="com.YouNote.testcases.TC_LoginTest_001" time="23.487" errors="0" timestamp="2022-03-29T18:52:25 IST" skipped="0">
  <testcase classname="com.YouNote.testcases.TC_LoginTest_001" name="loginTest" time="23.487"/>
  <system-out/>
</testsuite> <!-- com.YouNote.testcases.TC_LoginTest_001 -->
