<?xml version="1.0" encoding="UTF-8"?>
<!-- Generated by org.testng.reporters.JUnitReportReporter -->
<testsuite hostname="DESKTOP-QP8S8NS" failures="0" tests="4" name="com.YouNote.testcases.TC_LoginDDT_002" time="30.728" errors="0" timestamp="2022-03-30T01:07:28 IST" skipped="0">
  <testcase classname="com.YouNote.testcases.TC_LoginDDT_002" name="loginDDT" time="9.502"/>
  <system-out/>
  <testcase classname="com.YouNote.testcases.TC_LoginDDT_002" name="loginDDT" time="5.145"/>
  <system-out/>
  <testcase classname="com.YouNote.testcases.TC_LoginDDT_002" name="loginDDT" time="7.935"/>
  <system-out/>
  <testcase classname="com.YouNote.testcases.TC_LoginDDT_002" name="loginDDT" time="8.146"/>
  <system-out/>
</testsuite> <!-- com.YouNote.testcases.TC_LoginDDT_002 -->
